2025-07-24 13:48:17 - User: 1 (admin) - Module: items - Action: list - IP: ::1
2025-07-24 13:55:45 - User: 1 (admin) - Module: items - Action: list - IP: ::1
2025-07-24 13:58:57 - User: test_user (admin) - Module: items - Action: list - IP: 
2025-07-24 13:59:35 - User: test_user (admin) - Module: items - Action: list - IP: 
2025-07-24 13:59:52 - User: 1 (admin) - Module: items - Action: list - IP: ::1
2025-07-24 14:06:25 - User: 1 (admin) - Module: items - Action: list - IP: ::1
2025-07-24 14:08:15 - User: 1 (admin) - Module: items - Action: list - IP: ::1
2025-07-24 14:10:28 - User: 1 (admin) - Module: items - Action: add_edit - IP: ::1
2025-07-24 14:10:32 - User: 1 (admin) - Module: items - Action: list - IP: ::1
2025-07-24 14:10:35 - User: 1 (admin) - Module: items - Action: list - IP: ::1
2025-07-24 14:10:39 - User: 1 (admin) - Module: items - Action: add_edit - IP: ::1
2025-07-24 14:10:45 - User: 1 (admin) - Module: items - Action: add_edit - IP: ::1
2025-07-24 14:10:50 - User: 1 (admin) - Module: items - Action: list - IP: ::1
2025-07-24 14:11:17 - User: 1 (admin) - Module: items - Action: add_edit - IP: ::1
2025-07-25 14:57:16 - User: 1 (admin) - Module: items - Action: add_edit - IP: ::1
2025-07-25 15:00:32 - User: 1 (admin) - Module: items - Action: add_edit - IP: ::1
2025-07-25 15:00:35 - User: 1 (admin) - Module: items - Action: add_edit - IP: ::1
2025-07-25 15:05:09 - User: 1 (admin) - Module: items - Action: add_edit - IP: ::1
2025-07-25 15:05:46 - User: 1 (admin) - Module: items - Action: add_edit - IP: ::1
2025-07-25 15:09:03 - User: 1 (admin) - Module: items - Action: add_edit - IP: ::1
2025-07-25 15:09:38 - User: 1 (admin) - Module: items - Action: add_edit - IP: ::1
2025-07-25 15:09:42 - User: 1 (admin) - Module: items - Action: list - IP: ::1
2025-07-25 15:09:48 - User: 1 (admin) - Module: items - Action: list - IP: ::1
2025-07-25 15:14:59 - User: 1 (admin) - Module: items - Action: add_edit - IP: ::1
2025-07-25 15:17:14 - User: 1 (admin) - Module: items - Action: add_edit - IP: ::1
2025-07-25 15:19:42 - User: 1 (admin) - Module: items - Action: add_edit - IP: ::1
2025-07-25 15:19:51 - User: 1 (admin) - Module: items - Action: list - IP: ::1
2025-07-25 15:26:31 - User: 1 (admin) - Module: items - Action: add_edit - IP: ::1
2025-07-25 15:30:18 - User: 1 (admin) - Module: items - Action: add_edit - IP: ::1
2025-07-25 15:33:04 - User: 1 (admin) - Module: items - Action: list - IP: ::1
2025-07-25 15:33:09 - User: 1 (admin) - Module: items - Action: add_edit - IP: ::1
2025-07-25 15:33:20 - User: 1 (admin) - Module: items - Action: add_edit - IP: ::1
2025-07-26 18:33:36 - User: 1 (admin) - Module: items - Action: add_edit - IP: ::1
2025-07-26 18:34:53 - User: 1 (admin) - Module: items - Action: add_edit - IP: ::1
2025-07-26 18:35:01 - User: 1 (admin) - Module: items - Action: list - IP: ::1
2025-07-26 18:35:06 - User: 1 (admin) - Module: items - Action: list - IP: ::1
2025-07-26 18:37:10 - User: 1 (admin) - Module: items - Action: add_edit - IP: ::1
2025-07-26 18:37:14 - User: 1 (admin) - Module: items - Action: list - IP: ::1
2025-07-26 18:37:32 - User: 1 (admin) - Module: items - Action: list - IP: ::1
2025-07-26 18:47:01 - User: 1 - FULL_ACCESS - Module: items - Action: add_edit - IP: ::1
2025-07-26 18:47:04 - User: 1 - FULL_ACCESS - Module: items - Action: list - IP: ::1
2025-07-26 18:47:05 - User: 1 - FULL_ACCESS to items list (type: magazine) - IP: ::1
2025-07-26 18:47:16 - User: 1 - FULL_ACCESS - Module: items - Action: list - IP: ::1
2025-07-26 18:47:16 - User: 1 - FULL_ACCESS to items list (type: magazine) - IP: ::1
2025-07-26 18:47:22 - User: 1 - FULL_ACCESS - Module: items - Action: list - IP: ::1
2025-07-26 18:47:22 - User: 1 - FULL_ACCESS to items list (type: book) - IP: ::1
2025-07-26 18:47:26 - User: 1 - FULL_ACCESS - Module: items - Action: add_edit - IP: ::1
2025-07-26 18:48:20 - User: 1 - FULL_ACCESS - Module: items - Action: list - IP: ::1
2025-07-26 18:48:20 - User: 1 - FULL_ACCESS to items list (type: newspaper) - IP: ::1
2025-07-26 18:48:27 - User: 1 - FULL_ACCESS - Module: items - Action: add_edit - IP: ::1
2025-07-26 18:48:31 - User: 1 - FULL_ACCESS - Module: items - Action: list - IP: ::1
2025-07-26 18:48:31 - User: 1 - FULL_ACCESS to items list (type: book) - IP: ::1
2025-07-26 18:50:09 - User: 1 - FULL_ACCESS - Module: items - Action: list - IP: ::1
2025-07-26 18:50:09 - User: 1 - FULL_ACCESS to items list (type: magazine) - IP: ::1
2025-07-26 18:50:14 - User: 1 - FULL_ACCESS - Module: items - Action: add_edit - IP: ::1
2025-07-26 18:51:49 - User: 1 - FULL_ACCESS - Module: items - Action: add_edit - IP: ::1
2025-07-26 18:52:26 - User: 1 - FULL_ACCESS - Module: items - Action: add_edit - IP: ::1
2025-07-26 18:53:33 - User: 1 - FULL_ACCESS - Module: items - Action: add_edit - IP: ::1
2025-07-26 18:57:00 - User: 1 - FULL_ACCESS - Module: items - Action: add_edit - IP: ::1
2025-07-26 18:58:21 - User: 1 - FULL_ACCESS - Module: items - Action: add_edit - IP: ::1
2025-07-26 19:00:12 - User: 1 - FULL_ACCESS - Module: items - Action: add_edit - IP: ::1
2025-07-26 19:00:16 - User: 1 - FULL_ACCESS - Module: items - Action: add_edit - IP: ::1
2025-07-30 12:58:31 - User: 1 - FULL_ACCESS - Module: items - Action: add_edit - IP: ::1
2025-07-30 12:59:25 - User: 1 - FULL_ACCESS - Module: items - Action: add_edit - IP: ::1
2025-07-30 12:59:58 - User: 1 - FULL_ACCESS - Module: items - Action: add_edit - IP: ::1
2025-07-30 13:00:30 - User: 1 - FULL_ACCESS - Module: items - Action: add_edit - IP: ::1
2025-07-30 13:01:06 - User: 1 - FULL_ACCESS - Module: items - Action: add_edit - IP: ::1
2025-07-30 13:01:13 - User: 1 - FULL_ACCESS - Module: items - Action: add_edit - IP: ::1
2025-07-30 13:01:33 - User: 1 - FULL_ACCESS - Module: administration - Action: add - IP: ::1
2025-07-30 13:02:40 - User: 1 - FULL_ACCESS - Module: administration - Action: add - IP: ::1
2025-07-30 13:02:43 - User: 1 - FULL_ACCESS - Module: administration - Action: add - IP: ::1
2025-07-30 13:02:44 - User: 1 - FULL_ACCESS - Module: administration - Action: add - IP: ::1
2025-07-30 13:26:19 - User: 1 - FULL_ACCESS - Module: items - Action: list - IP: ::1
2025-07-30 13:26:19 - User: 1 - FULL_ACCESS to items list (type: magazine) - IP: ::1
2025-07-30 13:26:25 - User: 1 - FULL_ACCESS - Module: items - Action: list - IP: ::1
2025-07-30 13:26:25 - User: 1 - FULL_ACCESS to items list (type: book) - IP: ::1
2025-07-30 13:26:29 - User: 1 - FULL_ACCESS - Module: items - Action: add_edit - IP: ::1
2025-07-30 13:27:06 - User: 1 - FULL_ACCESS - Module: items - Action: add_edit - IP: ::1
2025-07-30 13:27:43 - User: 1 - FULL_ACCESS - Module: items - Action: add_edit - IP: ::1
2025-07-30 13:29:59 - User: 1 - FULL_ACCESS - Module: items - Action: add_edit - IP: ::1
2025-07-30 13:51:45 - User: 1 - FULL_ACCESS - Module: items - Action: add_edit - IP: ::1
2025-07-30 13:51:50 - User: 1 - FULL_ACCESS - Module: items - Action: add_edit - IP: ::1
2025-07-30 13:51:54 - User: 1 - FULL_ACCESS - Module: items - Action: add_edit - IP: ::1
2025-07-30 13:51:59 - User: 1 - FULL_ACCESS - Module: items - Action: add_edit - IP: ::1
2025-07-30 13:52:09 - User: 1 - FULL_ACCESS - Module: items - Action: list - IP: ::1
2025-07-30 13:52:09 - User: 1 - FULL_ACCESS to items list (type: book) - IP: ::1
2025-07-30 13:52:34 - User: 1 - FULL_ACCESS - Module: items - Action: list - IP: ::1
2025-07-30 13:52:34 - User: 1 - FULL_ACCESS to items list (type: book) - IP: ::1
2025-07-30 13:52:40 - User: 1 - FULL_ACCESS - Module: items - Action: add_edit - IP: ::1
2025-07-30 13:52:48 - User: 1 - FULL_ACCESS - Module: items - Action: add_edit - IP: ::1
2025-07-30 14:43:41 - User: 1 - FULL_ACCESS - Module: items - Action: list - IP: ::1
2025-07-30 14:43:41 - User: 1 - FULL_ACCESS to items list (type: newspaper) - IP: ::1
2025-07-30 14:46:49 - User: 1 - FULL_ACCESS - Module: items - Action: list - IP: ::1
2025-07-30 14:46:49 - User: 1 - FULL_ACCESS to items list (type: newspaper) - IP: ::1
2025-07-30 14:51:40 - User: 1 - FULL_ACCESS - Module: items - Action: add_edit - IP: ::1
2025-07-30 14:51:43 - User: 1 - FULL_ACCESS - Module: items - Action: list - IP: ::1
2025-07-30 14:51:43 - User: 1 - FULL_ACCESS to items list (type: book) - IP: ::1
2025-08-01 10:46:20 - User: 1 - FULL_ACCESS - Module: items - Action: add_edit - IP: ::1
2025-08-01 10:46:24 - User: 1 - FULL_ACCESS - Module: items - Action: list - IP: ::1
2025-08-01 10:46:24 - User: 1 - FULL_ACCESS to items list (type: general) - IP: ::1
2025-08-01 10:46:30 - User: 1 - FULL_ACCESS - Module: items - Action: add_edit - IP: ::1
2025-08-01 10:46:33 - User: 1 - FULL_ACCESS - Module: items - Action: add_edit - IP: ::1
2025-08-01 10:46:38 - User: 1 - FULL_ACCESS - Module: items - Action: add_edit - IP: ::1
2025-08-01 10:46:44 - User: 1 - FULL_ACCESS - Module: items - Action: add_edit - IP: ::1
2025-08-01 10:46:48 - User: 1 - FULL_ACCESS - Module: items - Action: list - IP: ::1
2025-08-01 10:46:48 - User: 1 - FULL_ACCESS to items list (type: book) - IP: ::1
2025-08-01 10:49:23 - User: 1 - FULL_ACCESS - Module: items - Action: add_edit - IP: ::1
2025-08-01 10:50:58 - User: 1 - FULL_ACCESS - Module: items - Action: add_edit - IP: ::1
2025-08-01 10:51:02 - User: 1 - FULL_ACCESS - Module: items - Action: add_edit - IP: ::1
2025-08-01 10:55:05 - User: 1 - FULL_ACCESS - Module: items - Action: add_edit - IP: ::1
2025-08-01 10:55:09 - User: 1 - FULL_ACCESS - Module: items - Action: add_edit - IP: ::1
2025-08-01 10:55:16 - User: 1 - FULL_ACCESS - Module: items - Action: add_edit - IP: ::1
2025-08-01 10:56:00 - User: 1 - FULL_ACCESS - Module: items - Action: list - IP: ::1
2025-08-01 10:56:00 - User: 1 - FULL_ACCESS to items list (type: magazine) - IP: ::1
2025-08-01 10:56:12 - User: 1 - FULL_ACCESS - Module: items - Action: list - IP: ::1
2025-08-01 10:56:12 - User: 1 - FULL_ACCESS to items list (type: magazine) - IP: ::1
2025-08-01 10:59:47 - User: 1 - FULL_ACCESS - Module: items - Action: list - IP: ::1
2025-08-01 10:59:47 - User: 1 - FULL_ACCESS to items list (type: magazine) - IP: ::1
2025-08-01 10:59:52 - User: 1 - FULL_ACCESS - Module: items - Action: add_edit - IP: ::1
2025-08-01 10:59:59 - User: 1 - FULL_ACCESS - Module: items - Action: add_edit - IP: ::1
2025-08-01 11:00:50 - User: 1 - FULL_ACCESS - Module: items - Action: list - IP: ::1
2025-08-01 11:00:50 - User: 1 - FULL_ACCESS to items list (type: magazine) - IP: ::1
2025-08-01 11:01:39 - User: 1 - FULL_ACCESS - Module: items - Action: add_edit - IP: ::1
2025-08-01 11:01:43 - User: 1 - FULL_ACCESS - Module: items - Action: list - IP: ::1
2025-08-01 11:01:43 - User: 1 - FULL_ACCESS to items list (type: book) - IP: ::1
2025-08-01 11:05:31 - User: 1 - FULL_ACCESS - Module: items - Action: list - IP: ::1
2025-08-01 11:05:31 - User: 1 - FULL_ACCESS to items list (type: book) - IP: ::1
2025-08-01 11:05:31 - User: 1 - FULL_ACCESS - Module: items - Action: list - IP: ::1
2025-08-01 11:05:31 - User: 1 - FULL_ACCESS to items list (type: book) - IP: ::1
2025-08-01 11:05:32 - User: 1 - FULL_ACCESS - Module: items - Action: list - IP: ::1
2025-08-01 11:05:32 - User: 1 - FULL_ACCESS to items list (type: book) - IP: ::1
2025-08-01 11:05:32 - User: 1 - FULL_ACCESS - Module: items - Action: list - IP: ::1
2025-08-01 11:05:32 - User: 1 - FULL_ACCESS to items list (type: book) - IP: ::1
2025-08-01 11:06:47 - User: 1 - FULL_ACCESS - Module: items - Action: list - IP: ::1
2025-08-01 11:06:47 - User: 1 - FULL_ACCESS to items list (type: book) - IP: ::1
2025-08-01 11:16:36 - User: 1 - FULL_ACCESS - Module: items - Action: add_edit - IP: ::1
2025-08-01 11:16:43 - User: 1 - FULL_ACCESS - Module: items - Action: list - IP: ::1
2025-08-01 11:16:44 - User: 1 - FULL_ACCESS to items list (type: magazine) - IP: ::1
2025-08-01 11:30:13 - User: 1 - FULL_ACCESS - Module: items - Action: list - IP: ::1
2025-08-01 11:30:13 - User: 1 - FULL_ACCESS to items list (type: book) - IP: ::1
2025-08-01 11:30:28 - User: 1 - FULL_ACCESS - Module: items - Action: add_edit - IP: ::1
2025-08-01 11:30:31 - User: 1 - FULL_ACCESS - Module: items - Action: list - IP: ::1
2025-08-01 11:30:31 - User: 1 - FULL_ACCESS to items list (type: book) - IP: ::1
2025-08-01 11:31:33 - User: 1 - FULL_ACCESS - Module: items - Action: list - IP: ::1
2025-08-01 11:31:33 - User: 1 - FULL_ACCESS to items list (type: book) - IP: ::1
2025-08-01 11:31:41 - User: 1 - FULL_ACCESS - Module: items - Action: list - IP: ::1
2025-08-01 11:31:41 - User: 1 - FULL_ACCESS to items list (type: magazine) - IP: ::1
2025-08-01 11:31:46 - User: 1 - FULL_ACCESS - Module: items - Action: list - IP: ::1
2025-08-01 11:31:46 - User: 1 - FULL_ACCESS to items list (type: magazine) - IP: ::1
2025-08-01 11:31:59 - User: 1 - FULL_ACCESS - Module: items - Action: list - IP: ::1
2025-08-01 11:31:59 - User: 1 - FULL_ACCESS to items list (type: newspaper) - IP: ::1
2025-08-01 11:32:10 - User: 1 - FULL_ACCESS - Module: administration - Action: add - IP: ::1
2025-08-01 13:28:09 - User: 1 - FULL_ACCESS - Module: administration - Action: list - IP: ::1
2025-08-01 13:29:06 - User: 1 - FULL_ACCESS - Module: administration - Action: list - IP: ::1
2025-08-01 13:29:07 - User: 1 - FULL_ACCESS - Module: administration - Action: list - IP: ::1
2025-08-01 13:34:25 - User: 1 - FULL_ACCESS - Module: administration - Action: list - IP: ::1
2025-08-01 13:34:26 - User: 1 - FULL_ACCESS - Module: administration - Action: list - IP: ::1
2025-08-01 13:35:00 - User: 1 - FULL_ACCESS - Module: administration - Action: list - IP: ::1
2025-08-01 13:35:24 - User: 1 - FULL_ACCESS - Module: administration - Action: list - IP: ::1
2025-08-01 13:35:49 - User: 1 - FULL_ACCESS - Module: administration - Action: list - IP: ::1
2025-08-01 13:35:50 - User: 1 - FULL_ACCESS - Module: administration - Action: list - IP: ::1
2025-08-01 13:37:26 - User: 1 - FULL_ACCESS - Module: administration - Action: list - IP: ::1
2025-08-01 13:37:34 - User: 1 - FULL_ACCESS - Module: administration - Action: list - IP: ::1
2025-08-01 13:37:35 - User: 1 - FULL_ACCESS - Module: administration - Action: list - IP: ::1
2025-08-01 13:37:37 - User: 1 - FULL_ACCESS - Module: administration - Action: list - IP: ::1
2025-08-01 13:37:56 - User: 1 - FULL_ACCESS - Module: items - Action: list - IP: ::1
2025-08-01 13:37:56 - User: 1 - FULL_ACCESS to items list (type: newspaper) - IP: ::1
2025-08-01 13:38:05 - User: 1 - FULL_ACCESS - Module: administration - Action: list - IP: ::1
2025-08-01 13:49:10 - User: 1 - FULL_ACCESS - Module: administration - Action: add - IP: ::1
2025-08-01 16:41:26 - User: 1 - FULL_ACCESS - Module: administration - Action: list - IP: ::1
2025-08-01 16:41:35 - User: 1 - FULL_ACCESS - Module: items - Action: add_edit - IP: ::1
2025-08-01 16:41:38 - User: 1 - FULL_ACCESS - Module: items - Action: list - IP: ::1
2025-08-01 16:41:38 - User: 1 - FULL_ACCESS to items list (type: newspaper) - IP: ::1
2025-08-01 16:41:53 - User: 1 - FULL_ACCESS - Module: administration - Action: add - IP: ::1
2025-08-01 16:43:10 - User: 1 - FULL_ACCESS - Module: administration - Action: add - IP: ::1
2025-08-01 16:44:01 - User: 1 - FULL_ACCESS - Module: administration - Action: add - IP: ::1
2025-08-01 16:44:02 - User: 1 - FULL_ACCESS - Module: administration - Action: add - IP: ::1
2025-08-01 16:44:02 - User: 1 - FULL_ACCESS - Module: administration - Action: add - IP: ::1
2025-08-01 16:44:02 - User: 1 - FULL_ACCESS - Module: administration - Action: add - IP: ::1
2025-08-01 16:44:02 - User: 1 - FULL_ACCESS - Module: administration - Action: add - IP: ::1
2025-08-01 16:44:03 - User: 1 - FULL_ACCESS - Module: administration - Action: add - IP: ::1
2025-08-01 16:44:58 - User: 1 - FULL_ACCESS - Module: administration - Action: add - IP: ::1
2025-08-01 16:45:39 - User: 1 - FULL_ACCESS - Module: items - Action: list - IP: ::1
2025-08-01 16:45:39 - User: 1 - FULL_ACCESS to items list (type: newspaper) - IP: ::1
2025-08-01 16:45:46 - User: 1 - FULL_ACCESS - Module: administration - Action: list - IP: ::1
2025-08-07 19:49:01 - User: 1 - FULL_ACCESS - Module: items - Action: list - IP: ::1
2025-08-07 19:49:01 - User: 1 - FULL_ACCESS to items list (type: magazine) - IP: ::1
2025-08-07 19:49:13 - User: 1 - FULL_ACCESS - Module: items - Action: list - IP: ::1
2025-08-07 19:49:13 - User: 1 - FULL_ACCESS to items list (type: magazine) - IP: ::1
2025-08-07 19:50:26 - User: 1 - FULL_ACCESS - Module: items - Action: list - IP: ::1
2025-08-07 19:50:26 - User: 1 - FULL_ACCESS to items list (type: magazine) - IP: ::1
2025-08-07 19:50:28 - User: 1 - FULL_ACCESS - Module: items - Action: list - IP: ::1
2025-08-07 19:50:28 - User: 1 - FULL_ACCESS to items list (type: magazine) - IP: ::1
2025-08-07 19:50:29 - User: 1 - FULL_ACCESS - Module: items - Action: list - IP: ::1
2025-08-07 19:50:29 - User: 1 - FULL_ACCESS to items list (type: magazine) - IP: ::1
2025-08-07 19:50:35 - User: 1 - FULL_ACCESS - Module: items - Action: list - IP: ::1
2025-08-07 19:50:35 - User: 1 - FULL_ACCESS to items list (type: magazine) - IP: ::1
2025-08-07 19:52:29 - User: 1 - FULL_ACCESS - Module: items - Action: list - IP: ::1
2025-08-07 19:52:29 - User: 1 - FULL_ACCESS to items list (type: magazine) - IP: ::1
2025-08-07 19:53:48 - User: 1 - FULL_ACCESS - Module: items - Action: list - IP: ::1
2025-08-07 19:53:48 - User: 1 - FULL_ACCESS to items list (type: magazine) - IP: ::1
2025-08-07 19:56:13 - User: 1 - FULL_ACCESS - Module: items - Action: list - IP: ::1
2025-08-07 19:56:13 - User: 1 - FULL_ACCESS to items list (type: magazine) - IP: ::1
2025-08-07 19:56:17 - User: 1 - FULL_ACCESS - Module: items - Action: list - IP: ::1
2025-08-07 19:56:17 - User: 1 - FULL_ACCESS to items list (type: magazine) - IP: ::1
2025-08-07 19:56:26 - User: 1 - FULL_ACCESS - Module: items - Action: add_edit - IP: ::1
2025-08-07 19:56:35 - User: 1 - FULL_ACCESS - Module: administration - Action: list - IP: ::1
2025-08-07 19:56:49 - User: 1 - FULL_ACCESS - Module: administration - Action: add - IP: ::1
2025-08-07 20:04:45 - User: 1 - FULL_ACCESS - Module: items - Action: add_edit - IP: ::1
2025-08-07 20:05:00 - User: 1 - FULL_ACCESS - Module: items - Action: add_edit - IP: ::1
2025-08-07 20:05:10 - User: 1 - FULL_ACCESS - Module: items - Action: list - IP: ::1
2025-08-07 20:05:10 - User: 1 - FULL_ACCESS to items list (type: book) - IP: ::1
2025-08-07 20:05:16 - User: 1 - FULL_ACCESS - Module: items - Action: list - IP: ::1
2025-08-07 20:05:16 - User: 1 - FULL_ACCESS to items list (type: magazine) - IP: ::1
2025-08-07 20:05:24 - User: 1 - FULL_ACCESS - Module: items - Action: add_edit - IP: ::1
2025-08-07 20:05:31 - User: 1 - FULL_ACCESS - Module: items - Action: list - IP: ::1
2025-08-07 20:05:31 - User: 1 - FULL_ACCESS to items list (type: newspaper) - IP: ::1
2025-08-07 20:05:43 - User: 1 - FULL_ACCESS - Module: items - Action: add_edit - IP: ::1
2025-08-07 20:06:23 - User: 1 - FULL_ACCESS - Module: items - Action: list - IP: ::1
2025-08-07 20:06:23 - User: 1 - FULL_ACCESS to items list (type: book) - IP: ::1
2025-08-07 20:06:32 - User: 1 - FULL_ACCESS - Module: items - Action: list - IP: ::1
2025-08-07 20:06:32 - User: 1 - FULL_ACCESS to items list (type: general) - IP: ::1
2025-08-07 20:06:38 - User: 1 - FULL_ACCESS - Module: items - Action: add_edit - IP: ::1
2025-08-07 20:08:48 - User: 1 - FULL_ACCESS - Module: acquisitions - Action: add - IP: ::1
2025-08-07 20:19:32 - User: 1 - FULL_ACCESS - Module: items - Action: list - IP: ::1
2025-08-07 20:19:32 - User: 1 - FULL_ACCESS to items list (type: magazine) - IP: ::1
2025-08-07 20:24:24 - User: 1 - FULL_ACCESS - Module: items - Action: statistics - IP: ::1
2025-08-07 20:24:25 - User: 1 - FULL_ACCESS - Module: items - Action: statistics - IP: ::1
2025-08-07 20:28:08 - User: 1 - FULL_ACCESS - Module: items - Action: statistics - IP: ::1
2025-08-07 20:33:55 - User: 1 - FULL_ACCESS - Module: administration - Action: reports - IP: ::1
2025-08-07 20:35:17 - User: 1 - FULL_ACCESS - Module: administration - Action: reports - IP: ::1
2025-08-07 20:47:48 - User: 1 - FULL_ACCESS - Module: administration - Action: reports - IP: ::1
2025-08-07 20:48:48 - User: 1 - FULL_ACCESS - Module: administration - Action: list - IP: ::1
2025-08-07 20:54:34 - User: 1 - FULL_ACCESS - Module: administration - Action: list - IP: ::1
2025-08-07 20:55:20 - User: 1 - FULL_ACCESS - Module: administration - Action: list - IP: ::1
2025-08-07 20:55:26 - User: 1 - FULL_ACCESS - Module: administration - Action: add - IP: ::1
2025-08-07 20:55:38 - User: 1 - FULL_ACCESS - Module: administration - Action: reports - IP: ::1
2025-08-07 20:56:55 - User: 1 - FULL_ACCESS - Module: administration - Action: add - IP: ::1
2025-08-07 20:56:59 - User: 1 - FULL_ACCESS - Module: administration - Action: list - IP: ::1
2025-08-07 20:59:48 - User: 1 - FULL_ACCESS - Module: administration - Action: list - IP: ::1
2025-08-07 20:59:49 - User: 1 - FULL_ACCESS - Module: administration - Action: list - IP: ::1
2025-08-07 20:59:49 - User: 1 - FULL_ACCESS - Module: administration - Action: list - IP: ::1
2025-08-07 21:02:03 - User: 1 - FULL_ACCESS - Module: administration - Action: list - IP: ::1
2025-08-07 21:02:04 - User: 1 - FULL_ACCESS - Module: administration - Action: list - IP: ::1
2025-08-07 21:02:05 - User: 1 - FULL_ACCESS - Module: administration - Action: list - IP: ::1
2025-08-07 21:03:33 - User: 1 - FULL_ACCESS - Module: administration - Action: list - IP: ::1
2025-08-07 21:03:44 - User: 1 - FULL_ACCESS - Module: administration - Action: add - IP: ::1
2025-08-07 21:05:52 - User: 1 - FULL_ACCESS - Module: administration - Action: activity - IP: ::1
2025-08-07 21:23:56 - User: 1 - FULL_ACCESS - Module: administration - Action: backup - IP: ::1
2025-08-07 21:25:03 - User: 1 - FULL_ACCESS - Module: administration - Action: reports - IP: ::1
2025-08-07 21:25:25 - User: 1 - FULL_ACCESS - Module: items - Action: statistics - IP: ::1
2025-08-07 21:25:40 - User: 1 - FULL_ACCESS - Module: items - Action: add_edit - IP: ::1
2025-08-07 21:25:48 - User: 1 - FULL_ACCESS - Module: items - Action: list - IP: ::1
2025-08-07 21:26:27 - User: 1 - FULL_ACCESS - Module: items - Action: list - IP: ::1
2025-08-07 21:26:30 - User: 1 - FULL_ACCESS - Module: items - Action: list - IP: ::1
2025-08-07 21:28:13 - User: 1 - FULL_ACCESS - Module: items - Action: list - IP: ::1
2025-08-07 21:28:13 - User: 1 - FULL_ACCESS to items list (type: book) - IP: ::1
2025-08-07 21:32:35 - User: 1 - FULL_ACCESS - Module: items - Action: list - IP: ::1
2025-08-07 21:32:35 - User: 1 - FULL_ACCESS to items list (type: book) - IP: ::1
2025-08-07 21:32:55 - User: 1 - FULL_ACCESS - Module: items - Action: list - IP: ::1
2025-08-07 21:32:55 - User: 1 - FULL_ACCESS to items list (type: magazine) - IP: ::1
2025-08-07 21:33:00 - User: 1 - FULL_ACCESS - Module: items - Action: list - IP: ::1
2025-08-07 21:33:00 - User: 1 - FULL_ACCESS to items list (type: newspaper) - IP: ::1
2025-08-07 21:33:21 - User: 1 - FULL_ACCESS - Module: administration - Action: reports - IP: ::1
2025-08-07 21:33:24 - User: 1 - FULL_ACCESS - Module: administration - Action: reports - IP: ::1
2025-08-07 21:33:25 - User: 1 - FULL_ACCESS - Module: administration - Action: reports - IP: ::1
2025-08-07 21:33:25 - User: 1 - FULL_ACCESS - Module: administration - Action: reports - IP: ::1
2025-08-07 21:33:25 - User: 1 - FULL_ACCESS - Module: administration - Action: reports - IP: ::1
2025-08-07 21:33:25 - User: 1 - FULL_ACCESS - Module: administration - Action: reports - IP: ::1
2025-08-07 21:34:35 - User: 1 - FULL_ACCESS - Module: administration - Action: reports - IP: ::1
2025-08-07 21:34:36 - User: 1 - FULL_ACCESS - Module: administration - Action: reports - IP: ::1
2025-08-07 21:34:36 - User: 1 - FULL_ACCESS - Module: administration - Action: reports - IP: ::1
2025-08-07 21:34:36 - User: 1 - FULL_ACCESS - Module: administration - Action: reports - IP: ::1
2025-08-07 21:37:46 - User: 1 - FULL_ACCESS - Module: administration - Action: reports - IP: ::1
2025-08-07 21:37:53 - User: 1 - FULL_ACCESS - Module: items - Action: statistics - IP: ::1
2025-08-07 21:38:24 - User: 1 - FULL_ACCESS - Module: administration - Action: reports - IP: ::1
2025-08-07 21:40:11 - User: 1 - FULL_ACCESS - Module: administration - Action: reports - IP: ::1
2025-08-07 21:40:22 - User: 1 - FULL_ACCESS - Module: administration - Action: reports - IP: ::1
2025-08-07 21:44:15 - User: 1 - FULL_ACCESS - Module: items - Action: list - IP: ::1
2025-08-07 21:44:15 - User: 1 - FULL_ACCESS to items list (type: magazine) - IP: ::1
2025-08-07 21:44:19 - User: 1 - FULL_ACCESS - Module: items - Action: list - IP: ::1
2025-08-07 21:44:19 - User: 1 - FULL_ACCESS to items list (type: newspaper) - IP: ::1
2025-08-07 21:44:23 - User: 1 - FULL_ACCESS - Module: items - Action: add_edit - IP: ::1
2025-08-07 21:56:53 - User: 1 - FULL_ACCESS - Module: items - Action: list - IP: ::1
2025-08-07 21:56:53 - User: 1 - FULL_ACCESS to items list (type: magazine) - IP: ::1
2025-08-07 21:56:56 - User: 1 - FULL_ACCESS - Module: items - Action: list - IP: ::1
2025-08-07 21:56:56 - User: 1 - FULL_ACCESS to items list (type: newspaper) - IP: ::1
2025-08-07 21:57:14 - User: 1 - FULL_ACCESS - Module: items - Action: list - IP: ::1
2025-08-07 21:57:14 - User: 1 - FULL_ACCESS to items list (type: book) - IP: ::1
2025-08-07 21:57:19 - User: 1 - FULL_ACCESS - Module: items - Action: add_edit - IP: ::1
2025-08-07 21:57:26 - User: 1 - FULL_ACCESS - Module: items - Action: list - IP: ::1
2025-08-07 21:57:26 - User: 1 - FULL_ACCESS to items list (type: book) - IP: ::1
2025-08-07 22:16:21 - User: 1 - FULL_ACCESS - Module: administration - Action: list - IP: ::1
2025-08-07 22:17:27 - User: 1 - FULL_ACCESS - Module: administration - Action: add - IP: ::1
2025-08-07 22:18:21 - User: 1 - FULL_ACCESS - Module: administration - Action: reports - IP: ::1
2025-08-07 22:20:36 - User: 1 - FULL_ACCESS - Module: administration - Action: add - IP: ::1
2025-08-07 22:20:59 - User: 1 - FULL_ACCESS - Module: administration - Action: reports - IP: ::1
2025-08-07 22:21:14 - User: 1 - FULL_ACCESS - Module: administration - Action: activity - IP: ::1
2025-08-07 22:21:22 - User: 1 - FULL_ACCESS - Module: administration - Action: activity - IP: ::1
2025-08-07 22:21:56 - User: 1 - FULL_ACCESS - Module: administration - Action: activity - IP: ::1
2025-08-07 22:23:39 - User: 1 - FULL_ACCESS - Module: administration - Action: activity - IP: ::1
2025-08-07 22:24:30 - User: 1 - FULL_ACCESS - Module: administration - Action: reports - IP: ::1
2025-08-07 22:24:40 - User: 1 - FULL_ACCESS - Module: administration - Action: activity - IP: ::1
2025-08-07 22:24:51 - User: 1 - FULL_ACCESS - Module: administration - Action: activity - IP: ::1
2025-08-07 22:25:10 - User: 1 - FULL_ACCESS - Module: items - Action: list - IP: ::1
2025-08-07 22:25:10 - User: 1 - FULL_ACCESS to items list (type: book) - IP: ::1
2025-08-07 22:25:31 - User: 1 - FULL_ACCESS - Module: items - Action: add_edit - IP: ::1
2025-08-07 22:25:45 - User: 1 - FULL_ACCESS - Module: items - Action: add_edit - IP: ::1
2025-08-07 22:26:12 - User: 1 - FULL_ACCESS - Module: items - Action: add_edit - IP: ::1
2025-08-07 22:26:25 - User: 1 - FULL_ACCESS - Module: items - Action: list - IP: ::1
2025-08-07 22:26:25 - User: 1 - FULL_ACCESS to items list (type: book) - IP: ::1
2025-08-07 22:26:28 - User: 1 - FULL_ACCESS - Module: items - Action: add_edit - IP: ::1
2025-08-07 22:26:44 - User: 1 - FULL_ACCESS - Module: items - Action: list - IP: ::1
2025-08-07 22:26:44 - User: 1 - FULL_ACCESS to items list (type: book) - IP: ::1
2025-08-07 22:26:52 - User: 1 - FULL_ACCESS - Module: items - Action: add_edit - IP: ::1
2025-08-07 22:27:43 - User: 1 - FULL_ACCESS - Module: items - Action: add_edit - IP: ::1
2025-08-07 22:28:05 - User: 1 - FULL_ACCESS - Module: items - Action: list - IP: ::1
2025-08-07 22:28:05 - User: 1 - FULL_ACCESS to items list (type: book) - IP: ::1
2025-08-07 22:28:10 - User: 1 - FULL_ACCESS - Module: items - Action: add_edit - IP: ::1
2025-08-07 22:29:03 - User: 1 - FULL_ACCESS - Module: items - Action: list - IP: ::1
2025-08-07 22:29:03 - User: 1 - FULL_ACCESS to items list (type: magazine) - IP: ::1
2025-08-07 22:29:07 - User: 1 - FULL_ACCESS - Module: items - Action: add_edit - IP: ::1
2025-08-07 22:29:18 - User: 1 - FULL_ACCESS - Module: items - Action: list - IP: ::1
2025-08-07 22:29:18 - User: 1 - FULL_ACCESS to items list (type: magazine) - IP: ::1
2025-08-07 22:29:22 - User: 1 - FULL_ACCESS - Module: items - Action: add_edit - IP: ::1
2025-08-07 22:31:06 - User: 1 - FULL_ACCESS - Module: items - Action: list - IP: ::1
2025-08-07 22:31:06 - User: 1 - FULL_ACCESS to items list (type: book) - IP: ::1
2025-08-07 22:31:19 - User: 1 - FULL_ACCESS - Module: items - Action: add_edit - IP: ::1
2025-08-07 22:34:05 - User: 1 - FULL_ACCESS - Module: items - Action: list - IP: ::1
2025-08-07 22:34:05 - User: 1 - FULL_ACCESS to items list (type: book) - IP: ::1
2025-08-07 22:34:29 - User: 1 - FULL_ACCESS - Module: items - Action: list - IP: ::1
2025-08-07 22:34:29 - User: 1 - FULL_ACCESS to items list (type: book) - IP: ::1
2025-08-07 22:36:06 - User: 1 - FULL_ACCESS - Module: items - Action: add_edit - IP: ::1
2025-08-07 22:37:01 - User: 1 - FULL_ACCESS - Module: items - Action: list - IP: ::1
2025-08-07 22:37:01 - User: 1 - FULL_ACCESS to items list (type: book) - IP: ::1
2025-08-07 22:37:56 - User: 1 - FULL_ACCESS - Module: items - Action: list - IP: ::1
2025-08-07 22:37:56 - User: 1 - FULL_ACCESS to items list (type: book) - IP: ::1
2025-08-07 22:38:39 - User: 1 - FULL_ACCESS - Module: items - Action: list - IP: ::1
2025-08-07 22:38:39 - User: 1 - FULL_ACCESS to items list (type: book) - IP: ::1
2025-08-07 22:39:18 - User: 1 - FULL_ACCESS - Module: items - Action: add_edit - IP: ::1
2025-08-07 22:40:09 - User: 1 - FULL_ACCESS - Module: administration - Action: reports - IP: ::1
2025-08-07 22:40:16 - User: 1 - FULL_ACCESS - Module: items - Action: list - IP: ::1
2025-08-07 22:40:16 - User: 1 - FULL_ACCESS to items list (type: book) - IP: ::1
2025-08-07 22:41:46 - User: 1 - FULL_ACCESS - Module: items - Action: add_edit - IP: ::1
2025-08-07 22:42:00 - User: 1 - FULL_ACCESS - Module: items - Action: add_edit - IP: ::1
2025-08-07 22:45:34 - User: 1 - FULL_ACCESS - Module: items - Action: list - IP: ::1
2025-08-07 22:45:34 - User: 1 - FULL_ACCESS to items list (type: magazine) - IP: ::1
2025-08-07 22:45:38 - User: 1 - FULL_ACCESS - Module: items - Action: add_edit - IP: ::1
2025-08-07 22:46:13 - User: 1 - FULL_ACCESS - Module: items - Action: add_edit - IP: ::1
2025-08-07 22:53:23 - User: 1 - FULL_ACCESS - Module: items - Action: list - IP: ::1
2025-08-07 22:53:23 - User: 1 - FULL_ACCESS to items list (type: newspaper) - IP: ::1
2025-08-07 22:53:28 - User: 1 - FULL_ACCESS - Module: items - Action: add_edit - IP: ::1
2025-08-07 22:54:12 - User: 1 - FULL_ACCESS - Module: loans - Action: borrow - IP: ::1
2025-08-07 22:54:16 - User: 1 - FULL_ACCESS - Module: loans - Action: list - IP: ::1
2025-08-07 22:54:21 - User: 1 - FULL_ACCESS - Module: borrowers - Action: list - IP: ::1
2025-08-07 22:54:29 - User: 1 - FULL_ACCESS - Module: acquisitions - Action: list - IP: ::1
2025-08-07 22:54:39 - User: 1 - FULL_ACCESS - Module: administration - Action: add - IP: ::1
2025-08-07 22:55:56 - User: 1 - FULL_ACCESS - Module: administration - Action: add - IP: ::1
2025-08-09 12:00:20 - User: 1 - FULL_ACCESS - Module: items - Action: add_edit - IP: ::1
2025-08-09 12:00:28 - User: 1 - FULL_ACCESS - Module: items - Action: add_edit - IP: ::1
2025-08-09 12:08:48 - User: 1 - FULL_ACCESS - Module: items - Action: list - IP: ::1
2025-08-09 12:08:48 - User: 1 - FULL_ACCESS to items list (type: book) - IP: ::1
2025-08-09 12:09:01 - User: 1 - FULL_ACCESS - Module: items - Action: add_edit - IP: ::1
2025-08-09 12:13:31 - User: 1 - FULL_ACCESS - Module: acquisitions - Action: list - IP: ::1
2025-08-09 12:16:55 - User: 1 - FULL_ACCESS - Module: acquisitions - Action: list - IP: ::1
2025-08-09 12:17:05 - User: 1 - FULL_ACCESS - Module: acquisitions - Action: add - IP: ::1
